[      88ms] [LOG] %c[Vercel Speed Insights]%c [vitals] color: rgb(120, 120, 120) color: inherit {speed: 4g, metrics: Array(1), scriptVersion: 0.1.3, sdkName: @vercel/speed-insights/astro, sdkVersion: 2.0.0} /_vercel/speed-insights/vitals @ https://va.vercel-scripts.com/v1/speed-insights/script.debug.js:0
[     108ms] [ERROR] Failed to load resource: the server responded with a status of 504 (Outdated Optimize Dep) @ http://localhost:4321/@id/astro/runtime/client/dev-toolbar/entrypoint.js:0
[     155ms] [LOG] %c[Vercel Web Analytics]%c Debug mode is enabled by default in development. No requests will be sent to the server. color: rgb(120, 120, 120) color: inherit @ https://va.vercel-scripts.com/v1/script.debug.js:0
[     155ms] [LOG] %c[Vercel Web Analytics]%c Running queued event color: rgb(120, 120, 120) color: inherit pageview {route: /prototype/wow/, path: /prototype/wow/} @ https://va.vercel-scripts.com/v1/script.debug.js:0
[     156ms] [LOG] %c[Vercel Web Analytics]%c [view] http://localhost:4321/prototype/wow/ color: rgb(120, 120, 120) color: inherit {o: http://localhost:4321/prototype/wow/, sv: 0.1.3, sdkn: @vercel/analytics/astro, sdkv: 2.0.1, ts: 1781784593921} /_vercel/insights/view @ https://va.vercel-scripts.com/v1/script.debug.js:0
[     156ms] [LOG] %c[Vercel Speed Insights]%c Debug mode is enabled by default in development. No requests will be sent to the server. color: rgb(120, 120, 120) color: inherit @ https://va.vercel-scripts.com/v1/speed-insights/script.debug.js:0
[   13131ms] [LOG] %c[Vercel Speed Insights]%c [vitals] color: rgb(120, 120, 120) color: inherit {speed: 4g, metrics: Array(1), scriptVersion: 0.1.3, sdkName: @vercel/speed-insights/astro, sdkVersion: 2.0.0} /_vercel/speed-insights/vitals @ https://va.vercel-scripts.com/v1/speed-insights/script.debug.js:0
[   13483ms] [ERROR] Failed to load resource: the server responded with a status of 504 (Outdated Optimize Dep) @ http://localhost:4321/@id/astro/runtime/client/dev-toolbar/entrypoint.js:0
[   13952ms] [LOG] %c[Vercel Web Analytics]%c Debug mode is enabled by default in development. No requests will be sent to the server. color: rgb(120, 120, 120) color: inherit @ https://va.vercel-scripts.com/v1/script.debug.js:0
[   13952ms] [LOG] %c[Vercel Web Analytics]%c Running queued event color: rgb(120, 120, 120) color: inherit pageview {route: /prototype/wow/, path: /prototype/wow/} @ https://va.vercel-scripts.com/v1/script.debug.js:0
[   13953ms] [LOG] %c[Vercel Web Analytics]%c [view] http://localhost:4321/prototype/wow/ color: rgb(120, 120, 120) color: inherit {o: http://localhost:4321/prototype/wow/, sv: 0.1.3, sdkn: @vercel/analytics/astro, sdkv: 2.0.1, ts: 1781784607718} /_vercel/insights/view @ https://va.vercel-scripts.com/v1/script.debug.js:0
[   13953ms] [LOG] %c[Vercel Speed Insights]%c Debug mode is enabled by default in development. No requests will be sent to the server. color: rgb(120, 120, 120) color: inherit @ https://va.vercel-scripts.com/v1/speed-insights/script.debug.js:0
[   16595ms] [LOG] %c[Vercel Speed Insights]%c [vitals] color: rgb(120, 120, 120) color: inherit {speed: 4g, metrics: Array(1), scriptVersion: 0.1.3, sdkName: @vercel/speed-insights/astro, sdkVersion: 2.0.0} /_vercel/speed-insights/vitals @ https://va.vercel-scripts.com/v1/speed-insights/script.debug.js:0
[   16618ms] [ERROR] Failed to load resource: the server responded with a status of 504 (Outdated Optimize Dep) @ http://localhost:4321/@id/astro/runtime/client/dev-toolbar/entrypoint.js:0
[   16658ms] [LOG] %c[Vercel Web Analytics]%c Debug mode is enabled by default in development. No requests will be sent to the server. color: rgb(120, 120, 120) color: inherit @ https://va.vercel-scripts.com/v1/script.debug.js:0
[   16658ms] [LOG] %c[Vercel Web Analytics]%c Running queued event color: rgb(120, 120, 120) color: inherit pageview {route: /prototype/wow/, path: /prototype/wow/} @ https://va.vercel-scripts.com/v1/script.debug.js:0
[   16658ms] [LOG] %c[Vercel Web Analytics]%c [view] http://localhost:4321/prototype/wow/ color: rgb(120, 120, 120) color: inherit {o: http://localhost:4321/prototype/wow/, sv: 0.1.3, sdkn: @vercel/analytics/astro, sdkv: 2.0.1, ts: 1781784610424} /_vercel/insights/view @ https://va.vercel-scripts.com/v1/script.debug.js:0
[   16659ms] [LOG] %c[Vercel Speed Insights]%c Debug mode is enabled by default in development. No requests will be sent to the server. color: rgb(120, 120, 120) color: inherit @ https://va.vercel-scripts.com/v1/speed-insights/script.debug.js:0
[   28208ms] [LOG] %c[Vercel Speed Insights]%c [vitals] color: rgb(120, 120, 120) color: inherit {speed: 4g, metrics: Array(1), scriptVersion: 0.1.3, sdkName: @vercel/speed-insights/astro, sdkVersion: 2.0.0} /_vercel/speed-insights/vitals @ https://va.vercel-scripts.com/v1/speed-insights/script.debug.js:0
[   28268ms] [ERROR] Failed to load resource: the server responded with a status of 504 (Outdated Optimize Dep) @ http://localhost:4321/@id/astro/runtime/client/dev-toolbar/entrypoint.js:0
[   28886ms] [LOG] %c[Vercel Web Analytics]%c Debug mode is enabled by default in development. No requests will be sent to the server. color: rgb(120, 120, 120) color: inherit @ https://va.vercel-scripts.com/v1/script.debug.js:0
[   28886ms] [LOG] %c[Vercel Web Analytics]%c Running queued event color: rgb(120, 120, 120) color: inherit pageview {route: /prototype/wow/, path: /prototype/wow/} @ https://va.vercel-scripts.com/v1/script.debug.js:0
[   28887ms] [LOG] %c[Vercel Web Analytics]%c [view] http://localhost:4321/prototype/wow/ color: rgb(120, 120, 120) color: inherit {o: http://localhost:4321/prototype/wow/, sv: 0.1.3, sdkn: @vercel/analytics/astro, sdkv: 2.0.1, ts: 1781784622653} /_vercel/insights/view @ https://va.vercel-scripts.com/v1/script.debug.js:0
[   28892ms] [LOG] %c[Vercel Speed Insights]%c Debug mode is enabled by default in development. No requests will be sent to the server. color: rgb(120, 120, 120) color: inherit @ https://va.vercel-scripts.com/v1/speed-insights/script.debug.js:0
[   32075ms] [LOG] %c[Vercel Speed Insights]%c [vitals] color: rgb(120, 120, 120) color: inherit {speed: 4g, metrics: Array(1), scriptVersion: 0.1.3, sdkName: @vercel/speed-insights/astro, sdkVersion: 2.0.0} /_vercel/speed-insights/vitals @ https://va.vercel-scripts.com/v1/speed-insights/script.debug.js:0
[   32099ms] [ERROR] Failed to load resource: the server responded with a status of 504 (Outdated Optimize Dep) @ http://localhost:4321/@id/astro/runtime/client/dev-toolbar/entrypoint.js:0
[   32140ms] [LOG] %c[Vercel Web Analytics]%c Debug mode is enabled by default in development. No requests will be sent to the server. color: rgb(120, 120, 120) color: inherit @ https://va.vercel-scripts.com/v1/script.debug.js:0
[   32140ms] [LOG] %c[Vercel Web Analytics]%c Running queued event color: rgb(120, 120, 120) color: inherit pageview {route: /prototype/wow/, path: /prototype/wow/} @ https://va.vercel-scripts.com/v1/script.debug.js:0
[   32141ms] [LOG] %c[Vercel Web Analytics]%c [view] http://localhost:4321/prototype/wow/ color: rgb(120, 120, 120) color: inherit {o: http://localhost:4321/prototype/wow/, sv: 0.1.3, sdkn: @vercel/analytics/astro, sdkv: 2.0.1, ts: 1781784625906} /_vercel/insights/view @ https://va.vercel-scripts.com/v1/script.debug.js:0
[   32141ms] [LOG] %c[Vercel Speed Insights]%c Debug mode is enabled by default in development. No requests will be sent to the server. color: rgb(120, 120, 120) color: inherit @ https://va.vercel-scripts.com/v1/speed-insights/script.debug.js:0
[   42490ms] [LOG] %c[Vercel Speed Insights]%c [vitals] color: rgb(120, 120, 120) color: inherit {speed: 4g, metrics: Array(3), scriptVersion: 0.1.3, sdkName: @vercel/speed-insights/astro, sdkVersion: 2.0.0} /_vercel/speed-insights/vitals @ https://va.vercel-scripts.com/v1/speed-insights/script.debug.js:0
[   42490ms] [LOG] %c[Vercel Speed Insights]%c [vitals] color: rgb(120, 120, 120) color: inherit {speed: 4g, metrics: Array(1), scriptVersion: 0.1.3, sdkName: @vercel/speed-insights/astro, sdkVersion: 2.0.0} /_vercel/speed-insights/vitals @ https://va.vercel-scripts.com/v1/speed-insights/script.debug.js:0
[   42631ms] [ERROR] Failed to load resource: the server responded with a status of 504 (Outdated Optimize Dep) @ http://localhost:4321/@id/astro/runtime/client/dev-toolbar/entrypoint.js:0
[   42988ms] [LOG] %c[Vercel Web Analytics]%c Debug mode is enabled by default in development. No requests will be sent to the server. color: rgb(120, 120, 120) color: inherit @ https://va.vercel-scripts.com/v1/script.debug.js:0
[   42988ms] [LOG] %c[Vercel Web Analytics]%c Running queued event color: rgb(120, 120, 120) color: inherit pageview {route: /prototype/wow/, path: /prototype/wow/} @ https://va.vercel-scripts.com/v1/script.debug.js:0
[   42989ms] [LOG] %c[Vercel Web Analytics]%c [view] http://localhost:4321/prototype/wow/ color: rgb(120, 120, 120) color: inherit {o: http://localhost:4321/prototype/wow/, sv: 0.1.3, sdkn: @vercel/analytics/astro, sdkv: 2.0.1, ts: 1781784636754} /_vercel/insights/view @ https://va.vercel-scripts.com/v1/script.debug.js:0
[   42989ms] [LOG] %c[Vercel Speed Insights]%c Debug mode is enabled by default in development. No requests will be sent to the server. color: rgb(120, 120, 120) color: inherit @ https://va.vercel-scripts.com/v1/speed-insights/script.debug.js:0
[   50515ms] [LOG] %c[Vercel Speed Insights]%c [vitals] color: rgb(120, 120, 120) color: inherit {speed: 4g, metrics: Array(1), scriptVersion: 0.1.3, sdkName: @vercel/speed-insights/astro, sdkVersion: 2.0.0} /_vercel/speed-insights/vitals @ https://va.vercel-scripts.com/v1/speed-insights/script.debug.js:0
[   50555ms] [ERROR] Failed to load resource: the server responded with a status of 504 (Outdated Optimize Dep) @ http://localhost:4321/@id/astro/runtime/client/dev-toolbar/entrypoint.js:0
[   50923ms] [LOG] %c[Vercel Web Analytics]%c Debug mode is enabled by default in development. No requests will be sent to the server. color: rgb(120, 120, 120) color: inherit @ https://va.vercel-scripts.com/v1/script.debug.js:0
[   50923ms] [LOG] %c[Vercel Web Analytics]%c Running queued event color: rgb(120, 120, 120) color: inherit pageview {route: /prototype/wow/, path: /prototype/wow/} @ https://va.vercel-scripts.com/v1/script.debug.js:0
[   50924ms] [LOG] %c[Vercel Web Analytics]%c [view] http://localhost:4321/prototype/wow/ color: rgb(120, 120, 120) color: inherit {o: http://localhost:4321/prototype/wow/, sv: 0.1.3, sdkn: @vercel/analytics/astro, sdkv: 2.0.1, ts: 1781784644689} /_vercel/insights/view @ https://va.vercel-scripts.com/v1/script.debug.js:0
[   50924ms] [LOG] %c[Vercel Speed Insights]%c Debug mode is enabled by default in development. No requests will be sent to the server. color: rgb(120, 120, 120) color: inherit @ https://va.vercel-scripts.com/v1/speed-insights/script.debug.js:0
[   56779ms] [LOG] %c[Vercel Speed Insights]%c [vitals] color: rgb(120, 120, 120) color: inherit {speed: 4g, metrics: Array(1), scriptVersion: 0.1.3, sdkName: @vercel/speed-insights/astro, sdkVersion: 2.0.0} /_vercel/speed-insights/vitals @ https://va.vercel-scripts.com/v1/speed-insights/script.debug.js:0
[   56833ms] [ERROR] Failed to load resource: the server responded with a status of 504 (Outdated Optimize Dep) @ http://localhost:4321/@id/astro/runtime/client/dev-toolbar/entrypoint.js:0
[   57298ms] [LOG] %c[Vercel Web Analytics]%c Debug mode is enabled by default in development. No requests will be sent to the server. color: rgb(120, 120, 120) color: inherit @ https://va.vercel-scripts.com/v1/script.debug.js:0
[   57298ms] [LOG] %c[Vercel Web Analytics]%c Running queued event color: rgb(120, 120, 120) color: inherit pageview {route: /prototype/wow/, path: /prototype/wow/} @ https://va.vercel-scripts.com/v1/script.debug.js:0
[   57299ms] [LOG] %c[Vercel Web Analytics]%c [view] http://localhost:4321/prototype/wow/ color: rgb(120, 120, 120) color: inherit {o: http://localhost:4321/prototype/wow/, sv: 0.1.3, sdkn: @vercel/analytics/astro, sdkv: 2.0.1, ts: 1781784651064} /_vercel/insights/view @ https://va.vercel-scripts.com/v1/script.debug.js:0
[   57299ms] [LOG] %c[Vercel Speed Insights]%c Debug mode is enabled by default in development. No requests will be sent to the server. color: rgb(120, 120, 120) color: inherit @ https://va.vercel-scripts.com/v1/speed-insights/script.debug.js:0
[  232250ms] [LOG] %c[Vercel Speed Insights]%c [vitals] color: rgb(120, 120, 120) color: inherit {speed: 4g, metrics: Array(1), scriptVersion: 0.1.3, sdkName: @vercel/speed-insights/astro, sdkVersion: 2.0.0} /_vercel/speed-insights/vitals @ https://va.vercel-scripts.com/v1/speed-insights/script.debug.js:0
[  232626ms] [ERROR] Failed to load resource: the server responded with a status of 504 (Outdated Optimize Dep) @ http://localhost:4321/@id/astro/runtime/client/dev-toolbar/entrypoint.js:0
[  233008ms] [LOG] %c[Vercel Web Analytics]%c Debug mode is enabled by default in development. No requests will be sent to the server. color: rgb(120, 120, 120) color: inherit @ https://va.vercel-scripts.com/v1/script.debug.js:0
[  233008ms] [LOG] %c[Vercel Web Analytics]%c Running queued event color: rgb(120, 120, 120) color: inherit pageview {route: /prototype/wow/, path: /prototype/wow/} @ https://va.vercel-scripts.com/v1/script.debug.js:0
[  233008ms] [LOG] %c[Vercel Web Analytics]%c [view] http://localhost:4321/prototype/wow/ color: rgb(120, 120, 120) color: inherit {o: http://localhost:4321/prototype/wow/, sv: 0.1.3, sdkn: @vercel/analytics/astro, sdkv: 2.0.1, ts: 1781784826774} /_vercel/insights/view @ https://va.vercel-scripts.com/v1/script.debug.js:0
[  233008ms] [LOG] %c[Vercel Speed Insights]%c Debug mode is enabled by default in development. No requests will be sent to the server. color: rgb(120, 120, 120) color: inherit @ https://va.vercel-scripts.com/v1/speed-insights/script.debug.js:0
[  235504ms] [LOG] %c[Vercel Speed Insights]%c [vitals] color: rgb(120, 120, 120) color: inherit {speed: 4g, metrics: Array(1), scriptVersion: 0.1.3, sdkName: @vercel/speed-insights/astro, sdkVersion: 2.0.0} /_vercel/speed-insights/vitals @ https://va.vercel-scripts.com/v1/speed-insights/script.debug.js:0
[  235684ms] [ERROR] Failed to load resource: the server responded with a status of 504 (Outdated Optimize Dep) @ http://localhost:4321/@id/astro/runtime/client/dev-toolbar/entrypoint.js:0
[  235728ms] [LOG] %c[Vercel Web Analytics]%c Debug mode is enabled by default in development. No requests will be sent to the server. color: rgb(120, 120, 120) color: inherit @ https://va.vercel-scripts.com/v1/script.debug.js:0
[  235728ms] [LOG] %c[Vercel Web Analytics]%c Running queued event color: rgb(120, 120, 120) color: inherit pageview {route: /prototype/wow/, path: /prototype/wow/} @ https://va.vercel-scripts.com/v1/script.debug.js:0
[  235728ms] [LOG] %c[Vercel Web Analytics]%c [view] http://localhost:4321/prototype/wow/ color: rgb(120, 120, 120) color: inherit {o: http://localhost:4321/prototype/wow/, sv: 0.1.3, sdkn: @vercel/analytics/astro, sdkv: 2.0.1, ts: 1781784829494} /_vercel/insights/view @ https://va.vercel-scripts.com/v1/script.debug.js:0
[  235729ms] [LOG] %c[Vercel Speed Insights]%c Debug mode is enabled by default in development. No requests will be sent to the server. color: rgb(120, 120, 120) color: inherit @ https://va.vercel-scripts.com/v1/speed-insights/script.debug.js:0
[  251190ms] [LOG] %c[Vercel Speed Insights]%c [vitals] color: rgb(120, 120, 120) color: inherit {speed: 4g, metrics: Array(1), scriptVersion: 0.1.3, sdkName: @vercel/speed-insights/astro, sdkVersion: 2.0.0} /_vercel/speed-insights/vitals @ https://va.vercel-scripts.com/v1/speed-insights/script.debug.js:0
[  251451ms] [ERROR] Failed to load resource: the server responded with a status of 504 (Outdated Optimize Dep) @ http://localhost:4321/@id/astro/runtime/client/dev-toolbar/entrypoint.js:0
[  252162ms] [LOG] %c[Vercel Web Analytics]%c Debug mode is enabled by default in development. No requests will be sent to the server. color: rgb(120, 120, 120) color: inherit @ https://va.vercel-scripts.com/v1/script.debug.js:0
[  252162ms] [LOG] %c[Vercel Web Analytics]%c Running queued event color: rgb(120, 120, 120) color: inherit pageview {route: /prototype/wow/, path: /prototype/wow/} @ https://va.vercel-scripts.com/v1/script.debug.js:0
[  252163ms] [LOG] %c[Vercel Web Analytics]%c [view] http://localhost:4321/prototype/wow/ color: rgb(120, 120, 120) color: inherit {o: http://localhost:4321/prototype/wow/, sv: 0.1.3, sdkn: @vercel/analytics/astro, sdkv: 2.0.1, ts: 1781784845928} /_vercel/insights/view @ https://va.vercel-scripts.com/v1/script.debug.js:0
[  252163ms] [LOG] %c[Vercel Speed Insights]%c Debug mode is enabled by default in development. No requests will be sent to the server. color: rgb(120, 120, 120) color: inherit @ https://va.vercel-scripts.com/v1/speed-insights/script.debug.js:0
[  266818ms] [LOG] %c[Vercel Speed Insights]%c [vitals] color: rgb(120, 120, 120) color: inherit {speed: 4g, metrics: Array(1), scriptVersion: 0.1.3, sdkName: @vercel/speed-insights/astro, sdkVersion: 2.0.0} /_vercel/speed-insights/vitals @ https://va.vercel-scripts.com/v1/speed-insights/script.debug.js:0
[  267447ms] [ERROR] Failed to load resource: the server responded with a status of 504 (Outdated Optimize Dep) @ http://localhost:4321/@id/astro/runtime/client/dev-toolbar/entrypoint.js:0
[  267998ms] [LOG] %c[Vercel Web Analytics]%c Debug mode is enabled by default in development. No requests will be sent to the server. color: rgb(120, 120, 120) color: inherit @ https://va.vercel-scripts.com/v1/script.debug.js:0
[  267998ms] [LOG] %c[Vercel Web Analytics]%c Running queued event color: rgb(120, 120, 120) color: inherit pageview {route: /prototype/wow/, path: /prototype/wow/} @ https://va.vercel-scripts.com/v1/script.debug.js:0
[  267999ms] [LOG] %c[Vercel Web Analytics]%c [view] http://localhost:4321/prototype/wow/ color: rgb(120, 120, 120) color: inherit {o: http://localhost:4321/prototype/wow/, sv: 0.1.3, sdkn: @vercel/analytics/astro, sdkv: 2.0.1, ts: 1781784861764} /_vercel/insights/view @ https://va.vercel-scripts.com/v1/script.debug.js:0
[  268002ms] [LOG] %c[Vercel Speed Insights]%c Debug mode is enabled by default in development. No requests will be sent to the server. color: rgb(120, 120, 120) color: inherit @ https://va.vercel-scripts.com/v1/speed-insights/script.debug.js:0
[  271382ms] [LOG] %c[Vercel Speed Insights]%c [vitals] color: rgb(120, 120, 120) color: inherit {speed: 4g, metrics: Array(1), scriptVersion: 0.1.3, sdkName: @vercel/speed-insights/astro, sdkVersion: 2.0.0} /_vercel/speed-insights/vitals @ https://va.vercel-scripts.com/v1/speed-insights/script.debug.js:0
[  271405ms] [ERROR] Failed to load resource: the server responded with a status of 504 (Outdated Optimize Dep) @ http://localhost:4321/@id/astro/runtime/client/dev-toolbar/entrypoint.js:0
[  271455ms] [LOG] %c[Vercel Web Analytics]%c Debug mode is enabled by default in development. No requests will be sent to the server. color: rgb(120, 120, 120) color: inherit @ https://va.vercel-scripts.com/v1/script.debug.js:0
[  271455ms] [LOG] %c[Vercel Web Analytics]%c Running queued event color: rgb(120, 120, 120) color: inherit pageview {route: /prototype/wow/, path: /prototype/wow/} @ https://va.vercel-scripts.com/v1/script.debug.js:0
[  271456ms] [LOG] %c[Vercel Web Analytics]%c [view] http://localhost:4321/prototype/wow/ color: rgb(120, 120, 120) color: inherit {o: http://localhost:4321/prototype/wow/, sv: 0.1.3, sdkn: @vercel/analytics/astro, sdkv: 2.0.1, ts: 1781784865221} /_vercel/insights/view @ https://va.vercel-scripts.com/v1/script.debug.js:0
[  271456ms] [LOG] %c[Vercel Speed Insights]%c Debug mode is enabled by default in development. No requests will be sent to the server. color: rgb(120, 120, 120) color: inherit @ https://va.vercel-scripts.com/v1/speed-insights/script.debug.js:0
[  301285ms] [LOG] %c[Vercel Speed Insights]%c [vitals] color: rgb(120, 120, 120) color: inherit {speed: 4g, metrics: Array(1), scriptVersion: 0.1.3, sdkName: @vercel/speed-insights/astro, sdkVersion: 2.0.0} /_vercel/speed-insights/vitals @ https://va.vercel-scripts.com/v1/speed-insights/script.debug.js:0
[  301472ms] [ERROR] Failed to load resource: the server responded with a status of 504 (Outdated Optimize Dep) @ http://localhost:4321/@id/astro/runtime/client/dev-toolbar/entrypoint.js:0
[  301966ms] [LOG] %c[Vercel Web Analytics]%c Debug mode is enabled by default in development. No requests will be sent to the server. color: rgb(120, 120, 120) color: inherit @ https://va.vercel-scripts.com/v1/script.debug.js:0
[  301967ms] [LOG] %c[Vercel Web Analytics]%c Running queued event color: rgb(120, 120, 120) color: inherit pageview {route: /prototype/wow/, path: /prototype/wow/} @ https://va.vercel-scripts.com/v1/script.debug.js:0
[  301967ms] [LOG] %c[Vercel Web Analytics]%c [view] http://localhost:4321/prototype/wow/ color: rgb(120, 120, 120) color: inherit {o: http://localhost:4321/prototype/wow/, sv: 0.1.3, sdkn: @vercel/analytics/astro, sdkv: 2.0.1, ts: 1781784895732} /_vercel/insights/view @ https://va.vercel-scripts.com/v1/script.debug.js:0
[  301967ms] [LOG] %c[Vercel Speed Insights]%c Debug mode is enabled by default in development. No requests will be sent to the server. color: rgb(120, 120, 120) color: inherit @ https://va.vercel-scripts.com/v1/speed-insights/script.debug.js:0
[  309120ms] [LOG] %c[Vercel Speed Insights]%c [vitals] color: rgb(120, 120, 120) color: inherit {speed: 4g, metrics: Array(1), scriptVersion: 0.1.3, sdkName: @vercel/speed-insights/astro, sdkVersion: 2.0.0} /_vercel/speed-insights/vitals @ https://va.vercel-scripts.com/v1/speed-insights/script.debug.js:0
[  309342ms] [ERROR] Failed to load resource: the server responded with a status of 504 (Outdated Optimize Dep) @ http://localhost:4321/@id/astro/runtime/client/dev-toolbar/entrypoint.js:0
[  309837ms] [LOG] %c[Vercel Web Analytics]%c Debug mode is enabled by default in development. No requests will be sent to the server. color: rgb(120, 120, 120) color: inherit @ https://va.vercel-scripts.com/v1/script.debug.js:0
[  309837ms] [LOG] %c[Vercel Web Analytics]%c Running queued event color: rgb(120, 120, 120) color: inherit pageview {route: /prototype/wow/, path: /prototype/wow/} @ https://va.vercel-scripts.com/v1/script.debug.js:0
[  309837ms] [LOG] %c[Vercel Web Analytics]%c [view] http://localhost:4321/prototype/wow/ color: rgb(120, 120, 120) color: inherit {o: http://localhost:4321/prototype/wow/, sv: 0.1.3, sdkn: @vercel/analytics/astro, sdkv: 2.0.1, ts: 1781784903603} /_vercel/insights/view @ https://va.vercel-scripts.com/v1/script.debug.js:0
[  309837ms] [LOG] %c[Vercel Speed Insights]%c Debug mode is enabled by default in development. No requests will be sent to the server. color: rgb(120, 120, 120) color: inherit @ https://va.vercel-scripts.com/v1/speed-insights/script.debug.js:0
[  318207ms] [LOG] %c[Vercel Speed Insights]%c [vitals] color: rgb(120, 120, 120) color: inherit {speed: 4g, metrics: Array(1), scriptVersion: 0.1.3, sdkName: @vercel/speed-insights/astro, sdkVersion: 2.0.0} /_vercel/speed-insights/vitals @ https://va.vercel-scripts.com/v1/speed-insights/script.debug.js:0
[  318444ms] [ERROR] Failed to load resource: the server responded with a status of 504 (Outdated Optimize Dep) @ http://localhost:4321/@id/astro/runtime/client/dev-toolbar/entrypoint.js:0
[  318885ms] [LOG] %c[Vercel Web Analytics]%c Debug mode is enabled by default in development. No requests will be sent to the server. color: rgb(120, 120, 120) color: inherit @ https://va.vercel-scripts.com/v1/script.debug.js:0
[  318885ms] [LOG] %c[Vercel Web Analytics]%c Running queued event color: rgb(120, 120, 120) color: inherit pageview {route: /prototype/wow/, path: /prototype/wow/} @ https://va.vercel-scripts.com/v1/script.debug.js:0
[  318885ms] [LOG] %c[Vercel Web Analytics]%c [view] http://localhost:4321/prototype/wow/ color: rgb(120, 120, 120) color: inherit {o: http://localhost:4321/prototype/wow/, sv: 0.1.3, sdkn: @vercel/analytics/astro, sdkv: 2.0.1, ts: 1781784912651} /_vercel/insights/view @ https://va.vercel-scripts.com/v1/script.debug.js:0
[  318886ms] [LOG] %c[Vercel Speed Insights]%c Debug mode is enabled by default in development. No requests will be sent to the server. color: rgb(120, 120, 120) color: inherit @ https://va.vercel-scripts.com/v1/speed-insights/script.debug.js:0
[  511659ms] [LOG] %c[Vercel Speed Insights]%c [vitals] color: rgb(120, 120, 120) color: inherit {speed: 4g, metrics: Array(1), scriptVersion: 0.1.3, sdkName: @vercel/speed-insights/astro, sdkVersion: 2.0.0} /_vercel/speed-insights/vitals @ https://va.vercel-scripts.com/v1/speed-insights/script.debug.js:0
[  512272ms] [ERROR] Failed to load resource: the server responded with a status of 504 (Outdated Optimize Dep) @ http://localhost:4321/@id/astro/runtime/client/dev-toolbar/entrypoint.js:0
[  512659ms] [LOG] %c[Vercel Web Analytics]%c Debug mode is enabled by default in development. No requests will be sent to the server. color: rgb(120, 120, 120) color: inherit @ https://va.vercel-scripts.com/v1/script.debug.js:0
[  512659ms] [LOG] %c[Vercel Web Analytics]%c Running queued event color: rgb(120, 120, 120) color: inherit pageview {route: /prototype/wow/, path: /prototype/wow/} @ https://va.vercel-scripts.com/v1/script.debug.js:0
[  512660ms] [LOG] %c[Vercel Web Analytics]%c [view] http://localhost:4321/prototype/wow/ color: rgb(120, 120, 120) color: inherit {o: http://localhost:4321/prototype/wow/, sv: 0.1.3, sdkn: @vercel/analytics/astro, sdkv: 2.0.1, ts: 1781785106425} /_vercel/insights/view @ https://va.vercel-scripts.com/v1/script.debug.js:0
[  512660ms] [LOG] %c[Vercel Speed Insights]%c Debug mode is enabled by default in development. No requests will be sent to the server. color: rgb(120, 120, 120) color: inherit @ https://va.vercel-scripts.com/v1/speed-insights/script.debug.js:0
[  515219ms] [LOG] %c[Vercel Speed Insights]%c [vitals] color: rgb(120, 120, 120) color: inherit {speed: 4g, metrics: Array(1), scriptVersion: 0.1.3, sdkName: @vercel/speed-insights/astro, sdkVersion: 2.0.0} /_vercel/speed-insights/vitals @ https://va.vercel-scripts.com/v1/speed-insights/script.debug.js:0
[  515245ms] [ERROR] Failed to load resource: the server responded with a status of 504 (Outdated Optimize Dep) @ http://localhost:4321/@id/astro/runtime/client/dev-toolbar/entrypoint.js:0
[  515311ms] [LOG] %c[Vercel Web Analytics]%c Debug mode is enabled by default in development. No requests will be sent to the server. color: rgb(120, 120, 120) color: inherit @ https://va.vercel-scripts.com/v1/script.debug.js:0
[  515319ms] [LOG] %c[Vercel Web Analytics]%c Running queued event color: rgb(120, 120, 120) color: inherit pageview {route: /prototype/wow/, path: /prototype/wow/} @ https://va.vercel-scripts.com/v1/script.debug.js:0
[  515319ms] [LOG] %c[Vercel Web Analytics]%c [view] http://localhost:4321/prototype/wow/ color: rgb(120, 120, 120) color: inherit {o: http://localhost:4321/prototype/wow/, sv: 0.1.3, sdkn: @vercel/analytics/astro, sdkv: 2.0.1, ts: 1781785109085} /_vercel/insights/view @ https://va.vercel-scripts.com/v1/script.debug.js:0
[  515324ms] [LOG] %c[Vercel Speed Insights]%c Debug mode is enabled by default in development. No requests will be sent to the server. color: rgb(120, 120, 120) color: inherit @ https://va.vercel-scripts.com/v1/speed-insights/script.debug.js:0
[  520113ms] [LOG] %c[Vercel Speed Insights]%c [vitals] color: rgb(120, 120, 120) color: inherit {speed: 4g, metrics: Array(1), scriptVersion: 0.1.3, sdkName: @vercel/speed-insights/astro, sdkVersion: 2.0.0} /_vercel/speed-insights/vitals @ https://va.vercel-scripts.com/v1/speed-insights/script.debug.js:0
[  520447ms] [ERROR] Failed to load resource: the server responded with a status of 504 (Outdated Optimize Dep) @ http://localhost:4321/@id/astro/runtime/client/dev-toolbar/entrypoint.js:0
[  521539ms] [LOG] %c[Vercel Web Analytics]%c Debug mode is enabled by default in development. No requests will be sent to the server. color: rgb(120, 120, 120) color: inherit @ https://va.vercel-scripts.com/v1/script.debug.js:0
[  521539ms] [LOG] %c[Vercel Web Analytics]%c Running queued event color: rgb(120, 120, 120) color: inherit pageview {route: /prototype/wow/, path: /prototype/wow/} @ https://va.vercel-scripts.com/v1/script.debug.js:0
[  521540ms] [LOG] %c[Vercel Web Analytics]%c [view] http://localhost:4321/prototype/wow/ color: rgb(120, 120, 120) color: inherit {o: http://localhost:4321/prototype/wow/, sv: 0.1.3, sdkn: @vercel/analytics/astro, sdkv: 2.0.1, ts: 1781785115305} /_vercel/insights/view @ https://va.vercel-scripts.com/v1/script.debug.js:0
[  521540ms] [LOG] %c[Vercel Speed Insights]%c Debug mode is enabled by default in development. No requests will be sent to the server. color: rgb(120, 120, 120) color: inherit @ https://va.vercel-scripts.com/v1/speed-insights/script.debug.js:0
[  524186ms] [LOG] %c[Vercel Speed Insights]%c [vitals] color: rgb(120, 120, 120) color: inherit {speed: 4g, metrics: Array(1), scriptVersion: 0.1.3, sdkName: @vercel/speed-insights/astro, sdkVersion: 2.0.0} /_vercel/speed-insights/vitals @ https://va.vercel-scripts.com/v1/speed-insights/script.debug.js:0
[  524297ms] [ERROR] Failed to load resource: the server responded with a status of 504 (Outdated Optimize Dep) @ http://localhost:4321/@id/astro/runtime/client/dev-toolbar/entrypoint.js:0
[  524334ms] [LOG] %c[Vercel Web Analytics]%c Debug mode is enabled by default in development. No requests will be sent to the server. color: rgb(120, 120, 120) color: inherit @ https://va.vercel-scripts.com/v1/script.debug.js:0
[  524334ms] [LOG] %c[Vercel Web Analytics]%c Running queued event color: rgb(120, 120, 120) color: inherit pageview {route: /prototype/wow/, path: /prototype/wow/} @ https://va.vercel-scripts.com/v1/script.debug.js:0
[  524334ms] [LOG] %c[Vercel Web Analytics]%c [view] http://localhost:4321/prototype/wow/ color: rgb(120, 120, 120) color: inherit {o: http://localhost:4321/prototype/wow/, sv: 0.1.3, sdkn: @vercel/analytics/astro, sdkv: 2.0.1, ts: 1781785118100} /_vercel/insights/view @ https://va.vercel-scripts.com/v1/script.debug.js:0
[  524334ms] [LOG] %c[Vercel Speed Insights]%c Debug mode is enabled by default in development. No requests will be sent to the server. color: rgb(120, 120, 120) color: inherit @ https://va.vercel-scripts.com/v1/speed-insights/script.debug.js:0
[  543188ms] [LOG] %c[Vercel Speed Insights]%c [vitals] color: rgb(120, 120, 120) color: inherit {speed: 4g, metrics: Array(1), scriptVersion: 0.1.3, sdkName: @vercel/speed-insights/astro, sdkVersion: 2.0.0} /_vercel/speed-insights/vitals @ https://va.vercel-scripts.com/v1/speed-insights/script.debug.js:0
[  543612ms] [ERROR] Failed to load resource: the server responded with a status of 504 (Outdated Optimize Dep) @ http://localhost:4321/@id/astro/runtime/client/dev-toolbar/entrypoint.js:0
[  544578ms] [LOG] %c[Vercel Web Analytics]%c Debug mode is enabled by default in development. No requests will be sent to the server. color: rgb(120, 120, 120) color: inherit @ https://va.vercel-scripts.com/v1/script.debug.js:0
[  544579ms] [LOG] %c[Vercel Web Analytics]%c Running queued event color: rgb(120, 120, 120) color: inherit pageview {route: /prototype/wow/, path: /prototype/wow/} @ https://va.vercel-scripts.com/v1/script.debug.js:0
[  544579ms] [LOG] %c[Vercel Web Analytics]%c [view] http://localhost:4321/prototype/wow/ color: rgb(120, 120, 120) color: inherit {o: http://localhost:4321/prototype/wow/, sv: 0.1.3, sdkn: @vercel/analytics/astro, sdkv: 2.0.1, ts: 1781785138344} /_vercel/insights/view @ https://va.vercel-scripts.com/v1/script.debug.js:0
[  544579ms] [LOG] %c[Vercel Speed Insights]%c Debug mode is enabled by default in development. No requests will be sent to the server. color: rgb(120, 120, 120) color: inherit @ https://va.vercel-scripts.com/v1/speed-insights/script.debug.js:0
[  547281ms] [LOG] %c[Vercel Speed Insights]%c [vitals] color: rgb(120, 120, 120) color: inherit {speed: 4g, metrics: Array(1), scriptVersion: 0.1.3, sdkName: @vercel/speed-insights/astro, sdkVersion: 2.0.0} /_vercel/speed-insights/vitals @ https://va.vercel-scripts.com/v1/speed-insights/script.debug.js:0
[  547445ms] [ERROR] Failed to load resource: the server responded with a status of 504 (Outdated Optimize Dep) @ http://localhost:4321/@id/astro/runtime/client/dev-toolbar/entrypoint.js:0
[  547484ms] [LOG] %c[Vercel Web Analytics]%c Debug mode is enabled by default in development. No requests will be sent to the server. color: rgb(120, 120, 120) color: inherit @ https://va.vercel-scripts.com/v1/script.debug.js:0
[  547484ms] [LOG] %c[Vercel Web Analytics]%c Running queued event color: rgb(120, 120, 120) color: inherit pageview {route: /prototype/wow/, path: /prototype/wow/} @ https://va.vercel-scripts.com/v1/script.debug.js:0
[  547485ms] [LOG] %c[Vercel Web Analytics]%c [view] http://localhost:4321/prototype/wow/ color: rgb(120, 120, 120) color: inherit {o: http://localhost:4321/prototype/wow/, sv: 0.1.3, sdkn: @vercel/analytics/astro, sdkv: 2.0.1, ts: 1781785141250} /_vercel/insights/view @ https://va.vercel-scripts.com/v1/script.debug.js:0
[  547485ms] [LOG] %c[Vercel Speed Insights]%c Debug mode is enabled by default in development. No requests will be sent to the server. color: rgb(120, 120, 120) color: inherit @ https://va.vercel-scripts.com/v1/speed-insights/script.debug.js:0
[  558918ms] [LOG] %c[Vercel Speed Insights]%c [vitals] color: rgb(120, 120, 120) color: inherit {speed: 4g, metrics: Array(1), scriptVersion: 0.1.3, sdkName: @vercel/speed-insights/astro, sdkVersion: 2.0.0} /_vercel/speed-insights/vitals @ https://va.vercel-scripts.com/v1/speed-insights/script.debug.js:0
[  559046ms] [ERROR] Failed to load resource: the server responded with a status of 504 (Outdated Optimize Dep) @ http://localhost:4321/@id/astro/runtime/client/dev-toolbar/entrypoint.js:0
[  560928ms] [LOG] %c[Vercel Web Analytics]%c Debug mode is enabled by default in development. No requests will be sent to the server. color: rgb(120, 120, 120) color: inherit @ https://va.vercel-scripts.com/v1/script.debug.js:0
[  560928ms] [LOG] %c[Vercel Web Analytics]%c Running queued event color: rgb(120, 120, 120) color: inherit pageview {route: /prototype/wow/, path: /prototype/wow/} @ https://va.vercel-scripts.com/v1/script.debug.js:0
[  560928ms] [LOG] %c[Vercel Web Analytics]%c [view] http://localhost:4321/prototype/wow/ color: rgb(120, 120, 120) color: inherit {o: http://localhost:4321/prototype/wow/, sv: 0.1.3, sdkn: @vercel/analytics/astro, sdkv: 2.0.1, ts: 1781785154694} /_vercel/insights/view @ https://va.vercel-scripts.com/v1/script.debug.js:0
[  560929ms] [LOG] %c[Vercel Speed Insights]%c Debug mode is enabled by default in development. No requests will be sent to the server. color: rgb(120, 120, 120) color: inherit @ https://va.vercel-scripts.com/v1/speed-insights/script.debug.js:0
[  565319ms] [LOG] %c[Vercel Speed Insights]%c [vitals] color: rgb(120, 120, 120) color: inherit {speed: 4g, metrics: Array(1), scriptVersion: 0.1.3, sdkName: @vercel/speed-insights/astro, sdkVersion: 2.0.0} /_vercel/speed-insights/vitals @ https://va.vercel-scripts.com/v1/speed-insights/script.debug.js:0
[  565345ms] [ERROR] Failed to load resource: the server responded with a status of 504 (Outdated Optimize Dep) @ http://localhost:4321/@id/astro/runtime/client/dev-toolbar/entrypoint.js:0
[  565401ms] [LOG] %c[Vercel Web Analytics]%c Debug mode is enabled by default in development. No requests will be sent to the server. color: rgb(120, 120, 120) color: inherit @ https://va.vercel-scripts.com/v1/script.debug.js:0
[  565401ms] [LOG] %c[Vercel Web Analytics]%c Running queued event color: rgb(120, 120, 120) color: inherit pageview {route: /prototype/wow/, path: /prototype/wow/} @ https://va.vercel-scripts.com/v1/script.debug.js:0
[  565402ms] [LOG] %c[Vercel Web Analytics]%c [view] http://localhost:4321/prototype/wow/ color: rgb(120, 120, 120) color: inherit {o: http://localhost:4321/prototype/wow/, sv: 0.1.3, sdkn: @vercel/analytics/astro, sdkv: 2.0.1, ts: 1781785159167} /_vercel/insights/view @ https://va.vercel-scripts.com/v1/script.debug.js:0
[  565402ms] [LOG] %c[Vercel Speed Insights]%c Debug mode is enabled by default in development. No requests will be sent to the server. color: rgb(120, 120, 120) color: inherit @ https://va.vercel-scripts.com/v1/speed-insights/script.debug.js:0
[  573073ms] [LOG] %c[Vercel Speed Insights]%c [vitals] color: rgb(120, 120, 120) color: inherit {speed: 4g, metrics: Array(1), scriptVersion: 0.1.3, sdkName: @vercel/speed-insights/astro, sdkVersion: 2.0.0} /_vercel/speed-insights/vitals @ https://va.vercel-scripts.com/v1/speed-insights/script.debug.js:0
[  573776ms] [ERROR] Failed to load resource: the server responded with a status of 504 (Outdated Optimize Dep) @ http://localhost:4321/@id/astro/runtime/client/dev-toolbar/entrypoint.js:0
[  574278ms] [LOG] %c[Vercel Web Analytics]%c Debug mode is enabled by default in development. No requests will be sent to the server. color: rgb(120, 120, 120) color: inherit @ https://va.vercel-scripts.com/v1/script.debug.js:0
[  574278ms] [LOG] %c[Vercel Web Analytics]%c Running queued event color: rgb(120, 120, 120) color: inherit pageview {route: /prototype/wow/, path: /prototype/wow/} @ https://va.vercel-scripts.com/v1/script.debug.js:0
[  574278ms] [LOG] %c[Vercel Web Analytics]%c [view] http://localhost:4321/prototype/wow/ color: rgb(120, 120, 120) color: inherit {o: http://localhost:4321/prototype/wow/, sv: 0.1.3, sdkn: @vercel/analytics/astro, sdkv: 2.0.1, ts: 1781785168044} /_vercel/insights/view @ https://va.vercel-scripts.com/v1/script.debug.js:0
[  574278ms] [LOG] %c[Vercel Speed Insights]%c Debug mode is enabled by default in development. No requests will be sent to the server. color: rgb(120, 120, 120) color: inherit @ https://va.vercel-scripts.com/v1/speed-insights/script.debug.js:0
[  577767ms] [LOG] %c[Vercel Speed Insights]%c [vitals] color: rgb(120, 120, 120) color: inherit {speed: 4g, metrics: Array(1), scriptVersion: 0.1.3, sdkName: @vercel/speed-insights/astro, sdkVersion: 2.0.0} /_vercel/speed-insights/vitals @ https://va.vercel-scripts.com/v1/speed-insights/script.debug.js:0
[  577792ms] [ERROR] Failed to load resource: the server responded with a status of 504 (Outdated Optimize Dep) @ http://localhost:4321/@id/astro/runtime/client/dev-toolbar/entrypoint.js:0
[  577844ms] [LOG] %c[Vercel Web Analytics]%c Debug mode is enabled by default in development. No requests will be sent to the server. color: rgb(120, 120, 120) color: inherit @ https://va.vercel-scripts.com/v1/script.debug.js:0
[  577844ms] [LOG] %c[Vercel Web Analytics]%c Running queued event color: rgb(120, 120, 120) color: inherit pageview {route: /prototype/wow/, path: /prototype/wow/} @ https://va.vercel-scripts.com/v1/script.debug.js:0
[  577844ms] [LOG] %c[Vercel Web Analytics]%c [view] http://localhost:4321/prototype/wow/ color: rgb(120, 120, 120) color: inherit {o: http://localhost:4321/prototype/wow/, sv: 0.1.3, sdkn: @vercel/analytics/astro, sdkv: 2.0.1, ts: 1781785171610} /_vercel/insights/view @ https://va.vercel-scripts.com/v1/script.debug.js:0
[  577844ms] [LOG] %c[Vercel Speed Insights]%c Debug mode is enabled by default in development. No requests will be sent to the server. color: rgb(120, 120, 120) color: inherit @ https://va.vercel-scripts.com/v1/speed-insights/script.debug.js:0
[  586302ms] [LOG] %c[Vercel Speed Insights]%c [vitals] color: rgb(120, 120, 120) color: inherit {speed: 4g, metrics: Array(1), scriptVersion: 0.1.3, sdkName: @vercel/speed-insights/astro, sdkVersion: 2.0.0} /_vercel/speed-insights/vitals @ https://va.vercel-scripts.com/v1/speed-insights/script.debug.js:0
[  586351ms] [ERROR] Failed to load resource: the server responded with a status of 504 (Outdated Optimize Dep) @ http://localhost:4321/@id/astro/runtime/client/dev-toolbar/entrypoint.js:0
[  586867ms] [LOG] %c[Vercel Web Analytics]%c Debug mode is enabled by default in development. No requests will be sent to the server. color: rgb(120, 120, 120) color: inherit @ https://va.vercel-scripts.com/v1/script.debug.js:0
[  586867ms] [LOG] %c[Vercel Web Analytics]%c Running queued event color: rgb(120, 120, 120) color: inherit pageview {route: /prototype/wow/, path: /prototype/wow/} @ https://va.vercel-scripts.com/v1/script.debug.js:0
[  586867ms] [LOG] %c[Vercel Web Analytics]%c [view] http://localhost:4321/prototype/wow/ color: rgb(120, 120, 120) color: inherit {o: http://localhost:4321/prototype/wow/, sv: 0.1.3, sdkn: @vercel/analytics/astro, sdkv: 2.0.1, ts: 1781785180633} /_vercel/insights/view @ https://va.vercel-scripts.com/v1/script.debug.js:0
[  586867ms] [LOG] %c[Vercel Speed Insights]%c Debug mode is enabled by default in development. No requests will be sent to the server. color: rgb(120, 120, 120) color: inherit @ https://va.vercel-scripts.com/v1/speed-insights/script.debug.js:0
[  593235ms] [LOG] %c[Vercel Speed Insights]%c [vitals] color: rgb(120, 120, 120) color: inherit {speed: 4g, metrics: Array(1), scriptVersion: 0.1.3, sdkName: @vercel/speed-insights/astro, sdkVersion: 2.0.0} /_vercel/speed-insights/vitals @ https://va.vercel-scripts.com/v1/speed-insights/script.debug.js:0
[  593453ms] [ERROR] Failed to load resource: the server responded with a status of 504 (Outdated Optimize Dep) @ http://localhost:4321/@id/astro/runtime/client/dev-toolbar/entrypoint.js:0
[  593938ms] [LOG] %c[Vercel Web Analytics]%c Debug mode is enabled by default in development. No requests will be sent to the server. color: rgb(120, 120, 120) color: inherit @ https://va.vercel-scripts.com/v1/script.debug.js:0
[  593938ms] [LOG] %c[Vercel Web Analytics]%c Running queued event color: rgb(120, 120, 120) color: inherit pageview {route: /prototype/wow/, path: /prototype/wow/} @ https://va.vercel-scripts.com/v1/script.debug.js:0
[  593938ms] [LOG] %c[Vercel Web Analytics]%c [view] http://localhost:4321/prototype/wow/ color: rgb(120, 120, 120) color: inherit {o: http://localhost:4321/prototype/wow/, sv: 0.1.3, sdkn: @vercel/analytics/astro, sdkv: 2.0.1, ts: 1781785187704} /_vercel/insights/view @ https://va.vercel-scripts.com/v1/script.debug.js:0
[  593938ms] [LOG] %c[Vercel Speed Insights]%c Debug mode is enabled by default in development. No requests will be sent to the server. color: rgb(120, 120, 120) color: inherit @ https://va.vercel-scripts.com/v1/speed-insights/script.debug.js:0
[  600239ms] [LOG] %c[Vercel Speed Insights]%c [vitals] color: rgb(120, 120, 120) color: inherit {speed: 4g, metrics: Array(1), scriptVersion: 0.1.3, sdkName: @vercel/speed-insights/astro, sdkVersion: 2.0.0} /_vercel/speed-insights/vitals @ https://va.vercel-scripts.com/v1/speed-insights/script.debug.js:0
[  600426ms] [ERROR] Failed to load resource: the server responded with a status of 504 (Outdated Optimize Dep) @ http://localhost:4321/@id/astro/runtime/client/dev-toolbar/entrypoint.js:0
[  600908ms] [LOG] %c[Vercel Web Analytics]%c Debug mode is enabled by default in development. No requests will be sent to the server. color: rgb(120, 120, 120) color: inherit @ https://va.vercel-scripts.com/v1/script.debug.js:0
[  600908ms] [LOG] %c[Vercel Web Analytics]%c Running queued event color: rgb(120, 120, 120) color: inherit pageview {route: /prototype/wow/, path: /prototype/wow/} @ https://va.vercel-scripts.com/v1/script.debug.js:0
[  600908ms] [LOG] %c[Vercel Web Analytics]%c [view] http://localhost:4321/prototype/wow/ color: rgb(120, 120, 120) color: inherit {o: http://localhost:4321/prototype/wow/, sv: 0.1.3, sdkn: @vercel/analytics/astro, sdkv: 2.0.1, ts: 1781785194674} /_vercel/insights/view @ https://va.vercel-scripts.com/v1/script.debug.js:0
[  600908ms] [LOG] %c[Vercel Speed Insights]%c Debug mode is enabled by default in development. No requests will be sent to the server. color: rgb(120, 120, 120) color: inherit @ https://va.vercel-scripts.com/v1/speed-insights/script.debug.js:0
[  862319ms] [LOG] %c[Vercel Speed Insights]%c [vitals] color: rgb(120, 120, 120) color: inherit {speed: 4g, metrics: Array(1), scriptVersion: 0.1.3, sdkName: @vercel/speed-insights/astro, sdkVersion: 2.0.0} /_vercel/speed-insights/vitals @ https://va.vercel-scripts.com/v1/speed-insights/script.debug.js:0
[  862360ms] [ERROR] Failed to load resource: the server responded with a status of 504 (Outdated Optimize Dep) @ http://localhost:4321/@id/astro/runtime/client/dev-toolbar/entrypoint.js:0
[  862404ms] [LOG] %c[Vercel Web Analytics]%c Debug mode is enabled by default in development. No requests will be sent to the server. color: rgb(120, 120, 120) color: inherit @ https://va.vercel-scripts.com/v1/script.debug.js:0
[  862405ms] [LOG] %c[Vercel Web Analytics]%c Running queued event color: rgb(120, 120, 120) color: inherit pageview {route: /prototype/wow/, path: /prototype/wow/} @ https://va.vercel-scripts.com/v1/script.debug.js:0
[  862405ms] [LOG] %c[Vercel Web Analytics]%c [view] http://localhost:4321/prototype/wow/ color: rgb(120, 120, 120) color: inherit {o: http://localhost:4321/prototype/wow/, sv: 0.1.3, sdkn: @vercel/analytics/astro, sdkv: 2.0.1, ts: 1781785456170} /_vercel/insights/view @ https://va.vercel-scripts.com/v1/script.debug.js:0
[  862405ms] [LOG] %c[Vercel Speed Insights]%c Debug mode is enabled by default in development. No requests will be sent to the server. color: rgb(120, 120, 120) color: inherit @ https://va.vercel-scripts.com/v1/speed-insights/script.debug.js:0
[  867389ms] [LOG] %c[Vercel Speed Insights]%c [vitals] color: rgb(120, 120, 120) color: inherit {speed: 4g, metrics: Array(1), scriptVersion: 0.1.3, sdkName: @vercel/speed-insights/astro, sdkVersion: 2.0.0} /_vercel/speed-insights/vitals @ https://va.vercel-scripts.com/v1/speed-insights/script.debug.js:0
[  867413ms] [ERROR] Failed to load resource: the server responded with a status of 504 (Outdated Optimize Dep) @ http://localhost:4321/@id/astro/runtime/client/dev-toolbar/entrypoint.js:0
[  867801ms] [LOG] %c[Vercel Web Analytics]%c Debug mode is enabled by default in development. No requests will be sent to the server. color: rgb(120, 120, 120) color: inherit @ https://va.vercel-scripts.com/v1/script.debug.js:0
[  867802ms] [LOG] %c[Vercel Web Analytics]%c Running queued event color: rgb(120, 120, 120) color: inherit pageview {route: /prototype/wow/, path: /prototype/wow/} @ https://va.vercel-scripts.com/v1/script.debug.js:0
[  867802ms] [LOG] %c[Vercel Web Analytics]%c [view] http://localhost:4321/prototype/wow/ color: rgb(120, 120, 120) color: inherit {o: http://localhost:4321/prototype/wow/, sv: 0.1.3, sdkn: @vercel/analytics/astro, sdkv: 2.0.1, ts: 1781785461567} /_vercel/insights/view @ https://va.vercel-scripts.com/v1/script.debug.js:0
[  867802ms] [LOG] %c[Vercel Speed Insights]%c Debug mode is enabled by default in development. No requests will be sent to the server. color: rgb(120, 120, 120) color: inherit @ https://va.vercel-scripts.com/v1/speed-insights/script.debug.js:0
[  870026ms] [LOG] %c[Vercel Speed Insights]%c [vitals] color: rgb(120, 120, 120) color: inherit {speed: 4g, metrics: Array(1), scriptVersion: 0.1.3, sdkName: @vercel/speed-insights/astro, sdkVersion: 2.0.0} /_vercel/speed-insights/vitals @ https://va.vercel-scripts.com/v1/speed-insights/script.debug.js:0
[  870048ms] [ERROR] Failed to load resource: the server responded with a status of 504 (Outdated Optimize Dep) @ http://localhost:4321/@id/astro/runtime/client/dev-toolbar/entrypoint.js:0
[  870099ms] [LOG] %c[Vercel Web Analytics]%c Debug mode is enabled by default in development. No requests will be sent to the server. color: rgb(120, 120, 120) color: inherit @ https://va.vercel-scripts.com/v1/script.debug.js:0
[  870099ms] [LOG] %c[Vercel Web Analytics]%c Running queued event color: rgb(120, 120, 120) color: inherit pageview {route: /prototype/wow/, path: /prototype/wow/} @ https://va.vercel-scripts.com/v1/script.debug.js:0
[  870099ms] [LOG] %c[Vercel Web Analytics]%c [view] http://localhost:4321/prototype/wow/ color: rgb(120, 120, 120) color: inherit {o: http://localhost:4321/prototype/wow/, sv: 0.1.3, sdkn: @vercel/analytics/astro, sdkv: 2.0.1, ts: 1781785463865} /_vercel/insights/view @ https://va.vercel-scripts.com/v1/script.debug.js:0
[  870100ms] [LOG] %c[Vercel Speed Insights]%c Debug mode is enabled by default in development. No requests will be sent to the server. color: rgb(120, 120, 120) color: inherit @ https://va.vercel-scripts.com/v1/speed-insights/script.debug.js:0
[  891925ms] [LOG] %c[Vercel Speed Insights]%c [vitals] color: rgb(120, 120, 120) color: inherit {speed: 4g, metrics: Array(1), scriptVersion: 0.1.3, sdkName: @vercel/speed-insights/astro, sdkVersion: 2.0.0} /_vercel/speed-insights/vitals @ https://va.vercel-scripts.com/v1/speed-insights/script.debug.js:0
[  893844ms] [ERROR] Failed to load resource: the server responded with a status of 504 (Outdated Optimize Dep) @ http://localhost:4321/@id/astro/runtime/client/dev-toolbar/entrypoint.js:0
[  895447ms] [LOG] %c[Vercel Web Analytics]%c Debug mode is enabled by default in development. No requests will be sent to the server. color: rgb(120, 120, 120) color: inherit @ https://va.vercel-scripts.com/v1/script.debug.js:0
[  895447ms] [LOG] %c[Vercel Web Analytics]%c Running queued event color: rgb(120, 120, 120) color: inherit pageview {route: /prototype/wow/, path: /prototype/wow/} @ https://va.vercel-scripts.com/v1/script.debug.js:0
[  895447ms] [LOG] %c[Vercel Web Analytics]%c [view] http://localhost:4321/prototype/wow/ color: rgb(120, 120, 120) color: inherit {o: http://localhost:4321/prototype/wow/, sv: 0.1.3, sdkn: @vercel/analytics/astro, sdkv: 2.0.1, ts: 1781785489212} /_vercel/insights/view @ https://va.vercel-scripts.com/v1/script.debug.js:0
[  895447ms] [LOG] %c[Vercel Speed Insights]%c Debug mode is enabled by default in development. No requests will be sent to the server. color: rgb(120, 120, 120) color: inherit @ https://va.vercel-scripts.com/v1/speed-insights/script.debug.js:0
[  899020ms] [LOG] %c[Vercel Speed Insights]%c [vitals] color: rgb(120, 120, 120) color: inherit {speed: 4g, metrics: Array(1), scriptVersion: 0.1.3, sdkName: @vercel/speed-insights/astro, sdkVersion: 2.0.0} /_vercel/speed-insights/vitals @ https://va.vercel-scripts.com/v1/speed-insights/script.debug.js:0
[  899045ms] [ERROR] Failed to load resource: the server responded with a status of 504 (Outdated Optimize Dep) @ http://localhost:4321/@id/astro/runtime/client/dev-toolbar/entrypoint.js:0
[  899088ms] [LOG] %c[Vercel Web Analytics]%c Debug mode is enabled by default in development. No requests will be sent to the server. color: rgb(120, 120, 120) color: inherit @ https://va.vercel-scripts.com/v1/script.debug.js:0
[  899088ms] [LOG] %c[Vercel Web Analytics]%c Running queued event color: rgb(120, 120, 120) color: inherit pageview {route: /prototype/wow/, path: /prototype/wow/} @ https://va.vercel-scripts.com/v1/script.debug.js:0
[  899088ms] [LOG] %c[Vercel Web Analytics]%c [view] http://localhost:4321/prototype/wow/ color: rgb(120, 120, 120) color: inherit {o: http://localhost:4321/prototype/wow/, sv: 0.1.3, sdkn: @vercel/analytics/astro, sdkv: 2.0.1, ts: 1781785492854} /_vercel/insights/view @ https://va.vercel-scripts.com/v1/script.debug.js:0
[  899088ms] [LOG] %c[Vercel Speed Insights]%c Debug mode is enabled by default in development. No requests will be sent to the server. color: rgb(120, 120, 120) color: inherit @ https://va.vercel-scripts.com/v1/speed-insights/script.debug.js:0
