[      93ms] [LOG] %c[Vercel Speed Insights]%c [vitals] color: rgb(120, 120, 120) color: inherit {speed: 4g, metrics: Array(1), scriptVersion: 0.1.3, sdkName: @vercel/speed-insights/astro, sdkVersion: 2.0.0} /_vercel/speed-insights/vitals @ https://va.vercel-scripts.com/v1/speed-insights/script.debug.js:0
[     194ms] [ERROR] Failed to load resource: the server responded with a status of 504 (Outdated Optimize Dep) @ http://localhost:4321/@id/astro/runtime/client/dev-toolbar/entrypoint.js:0
[     224ms] [LOG] %c[Vercel Web Analytics]%c Debug mode is enabled by default in development. No requests will be sent to the server. color: rgb(120, 120, 120) color: inherit @ https://va.vercel-scripts.com/v1/script.debug.js:0
[     224ms] [LOG] %c[Vercel Web Analytics]%c Running queued event color: rgb(120, 120, 120) color: inherit pageview {route: /prototype/wow/, path: /prototype/wow/} @ https://va.vercel-scripts.com/v1/script.debug.js:0
[     225ms] [LOG] %c[Vercel Web Analytics]%c [view] http://localhost:4321/prototype/wow/ color: rgb(120, 120, 120) color: inherit {o: http://localhost:4321/prototype/wow/, sv: 0.1.3, sdkn: @vercel/analytics/astro, sdkv: 2.0.1, ts: 1781785493385} /_vercel/insights/view @ https://va.vercel-scripts.com/v1/script.debug.js:0
[     225ms] [LOG] %c[Vercel Speed Insights]%c Debug mode is enabled by default in development. No requests will be sent to the server. color: rgb(120, 120, 120) color: inherit @ https://va.vercel-scripts.com/v1/speed-insights/script.debug.js:0
[    3427ms] [LOG] %c[Vercel Speed Insights]%c [vitals] color: rgb(120, 120, 120) color: inherit {speed: 4g, metrics: Array(1), scriptVersion: 0.1.3, sdkName: @vercel/speed-insights/astro, sdkVersion: 2.0.0} /_vercel/speed-insights/vitals @ https://va.vercel-scripts.com/v1/speed-insights/script.debug.js:0
[    3749ms] [ERROR] Failed to load resource: the server responded with a status of 504 (Outdated Optimize Dep) @ http://localhost:4321/@id/astro/runtime/client/dev-toolbar/entrypoint.js:0
[    4169ms] [LOG] %c[Vercel Web Analytics]%c Debug mode is enabled by default in development. No requests will be sent to the server. color: rgb(120, 120, 120) color: inherit @ https://va.vercel-scripts.com/v1/script.debug.js:0
[    4170ms] [LOG] %c[Vercel Web Analytics]%c Running queued event color: rgb(120, 120, 120) color: inherit pageview {route: /prototype/wow/, path: /prototype/wow/} @ https://va.vercel-scripts.com/v1/script.debug.js:0
[    4170ms] [LOG] %c[Vercel Web Analytics]%c [view] http://localhost:4321/prototype/wow/ color: rgb(120, 120, 120) color: inherit {o: http://localhost:4321/prototype/wow/, sv: 0.1.3, sdkn: @vercel/analytics/astro, sdkv: 2.0.1, ts: 1781785497330} /_vercel/insights/view @ https://va.vercel-scripts.com/v1/script.debug.js:0
[    4170ms] [LOG] %c[Vercel Speed Insights]%c Debug mode is enabled by default in development. No requests will be sent to the server. color: rgb(120, 120, 120) color: inherit @ https://va.vercel-scripts.com/v1/speed-insights/script.debug.js:0
[    6682ms] [LOG] %c[Vercel Speed Insights]%c [vitals] color: rgb(120, 120, 120) color: inherit {speed: 4g, metrics: Array(1), scriptVersion: 0.1.3, sdkName: @vercel/speed-insights/astro, sdkVersion: 2.0.0} /_vercel/speed-insights/vitals @ https://va.vercel-scripts.com/v1/speed-insights/script.debug.js:0
[    6969ms] [ERROR] Failed to load resource: the server responded with a status of 504 (Outdated Optimize Dep) @ http://localhost:4321/@id/astro/runtime/client/dev-toolbar/entrypoint.js:0
[    7013ms] [LOG] %c[Vercel Web Analytics]%c Debug mode is enabled by default in development. No requests will be sent to the server. color: rgb(120, 120, 120) color: inherit @ https://va.vercel-scripts.com/v1/script.debug.js:0
[    7014ms] [LOG] %c[Vercel Web Analytics]%c Running queued event color: rgb(120, 120, 120) color: inherit pageview {route: /prototype/wow/, path: /prototype/wow/} @ https://va.vercel-scripts.com/v1/script.debug.js:0
[    7014ms] [LOG] %c[Vercel Web Analytics]%c [view] http://localhost:4321/prototype/wow/ color: rgb(120, 120, 120) color: inherit {o: http://localhost:4321/prototype/wow/, sv: 0.1.3, sdkn: @vercel/analytics/astro, sdkv: 2.0.1, ts: 1781785500175} /_vercel/insights/view @ https://va.vercel-scripts.com/v1/script.debug.js:0
[    7015ms] [LOG] %c[Vercel Speed Insights]%c Debug mode is enabled by default in development. No requests will be sent to the server. color: rgb(120, 120, 120) color: inherit @ https://va.vercel-scripts.com/v1/speed-insights/script.debug.js:0
[   23761ms] [LOG] %c[Vercel Speed Insights]%c [vitals] color: rgb(120, 120, 120) color: inherit {speed: 4g, metrics: Array(1), scriptVersion: 0.1.3, sdkName: @vercel/speed-insights/astro, sdkVersion: 2.0.0} /_vercel/speed-insights/vitals @ https://va.vercel-scripts.com/v1/speed-insights/script.debug.js:0
[   23861ms] [ERROR] Failed to load resource: the server responded with a status of 504 (Outdated Optimize Dep) @ http://localhost:4321/@id/astro/runtime/client/dev-toolbar/entrypoint.js:0
[   24211ms] [LOG] %c[Vercel Web Analytics]%c Debug mode is enabled by default in development. No requests will be sent to the server. color: rgb(120, 120, 120) color: inherit @ https://va.vercel-scripts.com/v1/script.debug.js:0
[   24211ms] [LOG] %c[Vercel Web Analytics]%c Running queued event color: rgb(120, 120, 120) color: inherit pageview {route: /prototype/wow/, path: /prototype/wow/} @ https://va.vercel-scripts.com/v1/script.debug.js:0
[   24211ms] [LOG] %c[Vercel Web Analytics]%c [view] http://localhost:4321/prototype/wow/ color: rgb(120, 120, 120) color: inherit {o: http://localhost:4321/prototype/wow/, sv: 0.1.3, sdkn: @vercel/analytics/astro, sdkv: 2.0.1, ts: 1781785517372} /_vercel/insights/view @ https://va.vercel-scripts.com/v1/script.debug.js:0
[   24212ms] [LOG] %c[Vercel Speed Insights]%c Debug mode is enabled by default in development. No requests will be sent to the server. color: rgb(120, 120, 120) color: inherit @ https://va.vercel-scripts.com/v1/speed-insights/script.debug.js:0
[   31496ms] [LOG] %c[Vercel Speed Insights]%c [vitals] color: rgb(120, 120, 120) color: inherit {speed: 4g, metrics: Array(1), scriptVersion: 0.1.3, sdkName: @vercel/speed-insights/astro, sdkVersion: 2.0.0} /_vercel/speed-insights/vitals @ https://va.vercel-scripts.com/v1/speed-insights/script.debug.js:0
[   31602ms] [ERROR] Failed to load resource: the server responded with a status of 504 (Outdated Optimize Dep) @ http://localhost:4321/@id/astro/runtime/client/dev-toolbar/entrypoint.js:0
[   32003ms] [LOG] %c[Vercel Web Analytics]%c Debug mode is enabled by default in development. No requests will be sent to the server. color: rgb(120, 120, 120) color: inherit @ https://va.vercel-scripts.com/v1/script.debug.js:0
[   32003ms] [LOG] %c[Vercel Web Analytics]%c Running queued event color: rgb(120, 120, 120) color: inherit pageview {route: /prototype/wow/, path: /prototype/wow/} @ https://va.vercel-scripts.com/v1/script.debug.js:0
[   32004ms] [LOG] %c[Vercel Web Analytics]%c [view] http://localhost:4321/prototype/wow/ color: rgb(120, 120, 120) color: inherit {o: http://localhost:4321/prototype/wow/, sv: 0.1.3, sdkn: @vercel/analytics/astro, sdkv: 2.0.1, ts: 1781785525164} /_vercel/insights/view @ https://va.vercel-scripts.com/v1/script.debug.js:0
[   32010ms] [LOG] %c[Vercel Speed Insights]%c Debug mode is enabled by default in development. No requests will be sent to the server. color: rgb(120, 120, 120) color: inherit @ https://va.vercel-scripts.com/v1/speed-insights/script.debug.js:0
[   39180ms] [LOG] %c[Vercel Speed Insights]%c [vitals] color: rgb(120, 120, 120) color: inherit {speed: 4g, metrics: Array(1), scriptVersion: 0.1.3, sdkName: @vercel/speed-insights/astro, sdkVersion: 2.0.0} /_vercel/speed-insights/vitals @ https://va.vercel-scripts.com/v1/speed-insights/script.debug.js:0
[   39203ms] [ERROR] Failed to load resource: the server responded with a status of 504 (Outdated Optimize Dep) @ http://localhost:4321/@id/astro/runtime/client/dev-toolbar/entrypoint.js:0
[   39695ms] [LOG] %c[Vercel Web Analytics]%c Debug mode is enabled by default in development. No requests will be sent to the server. color: rgb(120, 120, 120) color: inherit @ https://va.vercel-scripts.com/v1/script.debug.js:0
[   39695ms] [LOG] %c[Vercel Web Analytics]%c Running queued event color: rgb(120, 120, 120) color: inherit pageview {route: /prototype/wow/, path: /prototype/wow/} @ https://va.vercel-scripts.com/v1/script.debug.js:0
[   39695ms] [LOG] %c[Vercel Web Analytics]%c [view] http://localhost:4321/prototype/wow/ color: rgb(120, 120, 120) color: inherit {o: http://localhost:4321/prototype/wow/, sv: 0.1.3, sdkn: @vercel/analytics/astro, sdkv: 2.0.1, ts: 1781785532856} /_vercel/insights/view @ https://va.vercel-scripts.com/v1/script.debug.js:0
[   39695ms] [LOG] %c[Vercel Speed Insights]%c Debug mode is enabled by default in development. No requests will be sent to the server. color: rgb(120, 120, 120) color: inherit @ https://va.vercel-scripts.com/v1/speed-insights/script.debug.js:0
[   44416ms] [LOG] %c[Vercel Speed Insights]%c [vitals] color: rgb(120, 120, 120) color: inherit {speed: 4g, metrics: Array(1), scriptVersion: 0.1.3, sdkName: @vercel/speed-insights/astro, sdkVersion: 2.0.0} /_vercel/speed-insights/vitals @ https://va.vercel-scripts.com/v1/speed-insights/script.debug.js:0
[   44517ms] [ERROR] Failed to load resource: the server responded with a status of 504 (Outdated Optimize Dep) @ http://localhost:4321/@id/astro/runtime/client/dev-toolbar/entrypoint.js:0
[   44856ms] [LOG] %c[Vercel Web Analytics]%c Debug mode is enabled by default in development. No requests will be sent to the server. color: rgb(120, 120, 120) color: inherit @ https://va.vercel-scripts.com/v1/script.debug.js:0
[   44856ms] [LOG] %c[Vercel Web Analytics]%c Running queued event color: rgb(120, 120, 120) color: inherit pageview {route: /prototype/wow/, path: /prototype/wow/} @ https://va.vercel-scripts.com/v1/script.debug.js:0
[   44857ms] [LOG] %c[Vercel Web Analytics]%c [view] http://localhost:4321/prototype/wow/ color: rgb(120, 120, 120) color: inherit {o: http://localhost:4321/prototype/wow/, sv: 0.1.3, sdkn: @vercel/analytics/astro, sdkv: 2.0.1, ts: 1781785538017} /_vercel/insights/view @ https://va.vercel-scripts.com/v1/script.debug.js:0
[   44857ms] [LOG] %c[Vercel Speed Insights]%c Debug mode is enabled by default in development. No requests will be sent to the server. color: rgb(120, 120, 120) color: inherit @ https://va.vercel-scripts.com/v1/speed-insights/script.debug.js:0
